Arguments: 
  /snap/node/2485/bin/node /snap/node/2485/bin/yarn.js build

PATH: 
  /home/bikundo/.local/bin:/usr/local/sbin:/usr/local/bin:/usr/sbin:/usr/bin:/sbin:/bin:/usr/games:/usr/local/games:/snap/bin:/home/bikundo/development/flutter/bin

Yarn version: 
  1.17.3

Node version: 
  10.16.1

Platform: 
  linux x64

Trace: 
  SyntaxError: /home/bikundo/nsure-client/package.json: Unexpected token } in JSON at position 923
      at JSON.parse (<anonymous>)
      at /snap/node/2485/lib/cli.js:1625:59
      at Generator.next (<anonymous>)
      at step (/snap/node/2485/lib/cli.js:304:30)
      at /snap/node/2485/lib/cli.js:315:13

npm manifest: 
  {
    "name": "argon-dashboard-react",
    "version": "1.0.0",
    "description": "React version of Argon Dashboard by Creative Tim",
    "main": "index.js",
    "repository": {
      "type": "git",
      "url": "git+https://github.com/creativetimofficial/argon-dashboard-react.git"
    },
    "keywords": [
      "react",
      "reactjs",
      "argon",
      "argon-react",
      "dashboard",
      "dashboard-react",
      "argon-dashboard",
      "argon-dashboard-react"
    ],
    "author": "Creative Tim",
    "license": "MIT",
    "bugs": {
      "url": "https://github.com/creativetimofficial/argon-dashboard-react/issues"
    },
    "homepage": "https://demos.creative-tim.com/argon-dashboard-react/",
    "scripts": {
      "start": "react-scripts start",
      "build": "react-scripts build",
      "test": "react-scripts test",
      "eject": "react-scripts eject",
      "install:clean": "rm -rf node_modules/ && rm -rf package-lock.json && npm install && npm start",
    },
    "eslintConfig": {
      "extends": "react-app"
    },
    "browserslist": [
      ">0.2%",
      "not dead",
      "not ie <= 11",
      "not op_mini all"
    ],
    "dependencies": {
      "chart.js": "2.7.3",
      "classnames": "2.2.6",
      "moment": "2.24.0",
      "node-sass": "4.11.0",
      "nouislider": "13.1.1",
      "react": "16.8.4",
      "react-chartjs-2": "2.7.4",
      "react-copy-to-clipboard": "5.0.1",
      "react-datetime": "2.16.3",
      "react-dom": "16.8.4",
      "react-google-maps": "9.4.5",
      "react-router-dom": "4.3.1",
      "react-scripts": "2.1.8",
      "reactstrap": "7.1.0"
    },
    "devDependencies": {
      "@types/googlemaps": "3.30.18",
      "@types/markerclustererplus": "2.1.33",
      "@types/react": "16.8.7",
      "typescript": "3.3.3333"
    }
  }

yarn manifest: 
  No manifest

Lockfile: 
  No lockfile
